Using pre-set license
Built from '2021.3/staging' branch; Version is '2021.3.35f1 (157b46ce122a) revision 1407814'; Using compiler version '192829333'; Build Type 'Release'
OS: 'Windows 11  (10.0.22631) 64bit Professional' Language: 'ru' Physical Memory: 16236 MB
BatchMode: 1, IsHumanControllingUs: 0, StartBugReporterOnCrash: 0, Is64bit: 1, IsPro: 1

COMMAND LINE ARGUMENTS:
C:\Program Files\Unity\Hub\Editor\2021.3.35f1\Editor\Unity.exe
-adb2
-batchMode
-noUpm
-name
AssetImportWorker1
-projectPath
C:/Users/Lodggent/DragonPicker 2nd edition
-logFile
Logs/AssetImportWorker1.log
-srvPort
51723
Successfully changed project path to: C:/Users/Lodggent/DragonPicker 2nd edition
C:/Users/Lodggent/DragonPicker 2nd edition
[UnityMemory] Configuration Parameters - Can be set up in boot.config
    "memorysetup-bucket-allocator-granularity=16"
    "memorysetup-bucket-allocator-bucket-count=8"
    "memorysetup-bucket-allocator-block-size=33554432"
    "memorysetup-bucket-allocator-block-count=8"
    "memorysetup-main-allocator-block-size=16777216"
    "memorysetup-thread-allocator-block-size=16777216"
    "memorysetup-gfx-main-allocator-block-size=16777216"
    "memorysetup-gfx-thread-allocator-block-size=16777216"
    "memorysetup-cache-allocator-block-size=4194304"
    "memorysetup-typetree-allocator-block-size=2097152"
    "memorysetup-profiler-bucket-allocator-granularity=16"
    "memorysetup-profiler-bucket-allocator-bucket-count=8"
    "memorysetup-profiler-bucket-allocator-block-size=33554432"
    "memorysetup-profiler-bucket-allocator-block-count=8"
    "memorysetup-profiler-allocator-block-size=16777216"
    "memorysetup-profiler-editor-allocator-block-size=1048576"
    "memorysetup-temp-allocator-size-main=16777216"
    "memorysetup-job-temp-allocator-block-size=2097152"
    "memorysetup-job-temp-allocator-block-size-background=1048576"
    "memorysetup-job-temp-allocator-reduction-small-platforms=262144"
    "memorysetup-temp-allocator-size-background-worker=32768"
    "memorysetup-temp-allocator-size-job-worker=262144"
    "memorysetup-temp-allocator-size-preload-manager=33554432"
    "memorysetup-temp-allocator-size-nav-mesh-worker=65536"
    "memorysetup-temp-allocator-size-audio-worker=65536"
    "memorysetup-temp-allocator-size-cloud-worker=32768"
    "memorysetup-temp-allocator-size-gi-baking-worker=262144"
    "memorysetup-temp-allocator-size-gfx=262144"
Player connection [17348] Host "[IP] 192.168.50.134 [Port] 0 [Flags] 2 [Guid] 821961315 [EditorId] 821961315 [Version] 1048832 [Id] WindowsEditor(7,Lodgent) [Debug] 1 [PackageName] WindowsEditor [ProjectName] Editor" joined multi-casting on [225.0.0.222:54997]...

Player connection [17348] Host "[IP] 192.168.50.134 [Port] 0 [Flags] 2 [Guid] 821961315 [EditorId] 821961315 [Version] 1048832 [Id] WindowsEditor(7,Lodgent) [Debug] 1 [PackageName] WindowsEditor [ProjectName] Editor" joined alternative multi-casting on [225.0.0.222:34997]...

[Physics::Module] Initialized MultithreadedJobDispatcher with {0} workers.
Refreshing native plugins compatible for Editor in 62.85 ms, found 3 plugins.
Preloading 0 native plugins for Editor in 0.00 ms.
Initialize engine version: 2021.3.35f1 (157b46ce122a)
[Subsystems] Discovering subsystems at path C:/Program Files/Unity/Hub/Editor/2021.3.35f1/Editor/Data/Resources/UnitySubsystems
[Subsystems] Discovering subsystems at path C:/Users/Lodggent/DragonPicker 2nd edition/Assets
GfxDevice: creating device client; threaded=0; jobified=0
Direct3D:
    Version:  Direct3D 11.0 [level 11.1]
    Renderer: NVIDIA GeForce RTX 3070 Laptop GPU (ID=0x24dd)
    Vendor:   NVIDIA
    VRAM:     8033 MB
    Driver:   31.0.15.4629
Shader 'Custom/AdditiveTintable': fallback shader 'Particles/Additive (Soft)' not found
Initialize mono
Mono path[0] = 'C:/Program Files/Unity/Hub/Editor/2021.3.35f1/Editor/Data/Managed'
Mono path[1] = 'C:/Program Files/Unity/Hub/Editor/2021.3.35f1/Editor/Data/MonoBleedingEdge/lib/mono/unityjit-win32'
Mono config path = 'C:/Program Files/Unity/Hub/Editor/2021.3.35f1/Editor/Data/MonoBleedingEdge/etc'
Using monoOptions --debugger-agent=transport=dt_socket,embedding=1,server=y,suspend=n,address=127.0.0.1:56520
Begin MonoManager ReloadAssembly
Registering precompiled unity dll's ...
Register platform support module: C:/Program Files/Unity/Hub/Editor/2021.3.35f1/Editor/Data/PlaybackEngines/WebGLSupport/UnityEditor.WebGL.Extensions.dll
Register platform support module: C:/Program Files/Unity/Hub/Editor/2021.3.35f1/Editor/Data/PlaybackEngines/WindowsStandaloneSupport/UnityEditor.WindowsStandalone.Extensions.dll
Registered in 0.179364 seconds.
Native extension for WindowsStandalone target not found
Native extension for WebGL target not found
Refreshing native plugins compatible for Editor in 63.17 ms, found 3 plugins.
Preloading 0 native plugins for Editor in 0.00 ms.
Mono: successfully reloaded assembly
- Completed reload, in  5.896 seconds
Domain Reload Profiling:
	ReloadAssembly (5897ms)
		BeginReloadAssembly (4366ms)
			ExecutionOrderSort (0ms)
			DisableScriptedObjects (0ms)
			BackupInstance (0ms)
			ReleaseScriptingObjects (0ms)
			CreateAndSetChildDomain (1ms)
		EndReloadAssembly (991ms)
			LoadAssemblies (4369ms)
			RebuildTransferFunctionScriptingTraits (0ms)
			SetupTypeCache (678ms)
			ReleaseScriptCaches (0ms)
			RebuildScriptCaches (24ms)
			SetupLoadedEditorAssemblies (244ms)
				LogAssemblyErrors (0ms)
				InitializePlatformSupportModulesInManaged (8ms)
				SetLoadedEditorAssemblies (0ms)
				RefreshPlugins (63ms)
				BeforeProcessingInitializeOnLoad (1ms)
				ProcessInitializeOnLoadAttributes (122ms)
				ProcessInitializeOnLoadMethodAttributes (49ms)
				AfterProcessingInitializeOnLoad (0ms)
				EditorAssembliesLoaded (0ms)
			ExecutionOrderSort2 (0ms)
			AwakeInstancesAfterBackupRestoration (0ms)
Platform modules already initialized, skipping
Registering precompiled user dll's ...
Registered in 0.006580 seconds.
Begin MonoManager ReloadAssembly
Native extension for WindowsStandalone target not found
Native extension for WebGL target not found
Refreshing native plugins compatible for Editor in 0.64 ms, found 3 plugins.
Preloading 0 native plugins for Editor in 0.00 ms.
Package Manager log level set to [2]
[Package Manager] Server::EnsureServerProcessIsRunning -- launch failed, reason: Unity was launched with the -noUpm command-line argument
[Package Manager] Cannot connect to Unity Package Manager local server
Mono: successfully reloaded assembly
- Completed reload, in  4.524 seconds
Domain Reload Profiling:
	ReloadAssembly (4525ms)
		BeginReloadAssembly (128ms)
			ExecutionOrderSort (0ms)
			DisableScriptedObjects (8ms)
			BackupInstance (0ms)
			ReleaseScriptingObjects (0ms)
			CreateAndSetChildDomain (21ms)
		EndReloadAssembly (4238ms)
			LoadAssemblies (2657ms)
			RebuildTransferFunctionScriptingTraits (0ms)
			SetupTypeCache (788ms)
			ReleaseScriptCaches (1ms)
			RebuildScriptCaches (45ms)
			SetupLoadedEditorAssemblies (723ms)
				LogAssemblyErrors (0ms)
				InitializePlatformSupportModulesInManaged (7ms)
				SetLoadedEditorAssemblies (0ms)
				RefreshPlugins (1ms)
				BeforeProcessingInitializeOnLoad (70ms)
				ProcessInitializeOnLoadAttributes (613ms)
				ProcessInitializeOnLoadMethodAttributes (23ms)
				AfterProcessingInitializeOnLoad (9ms)
				EditorAssembliesLoaded (0ms)
			ExecutionOrderSort2 (0ms)
			AwakeInstancesAfterBackupRestoration (5ms)
Platform modules already initialized, skipping
========================================================================
Worker process is ready to serve import requests
Shader 'Custom/AdditiveTintable': fallback shader 'Particles/Additive (Soft)' not found
Launched and connected shader compiler UnityShaderCompiler.exe after 0.10 seconds
Refreshing native plugins compatible for Editor in 0.64 ms, found 3 plugins.
Preloading 0 native plugins for Editor in 0.00 ms.
Unloading 3100 Unused Serialized files (Serialized files now loaded: 0)
Unloading 23 unused Assets / (46.7 KB). Loaded Objects now: 3571.
Memory consumption went from 113.0 MB to 112.9 MB.
Total: 3.663300 ms (FindLiveObjects: 0.253800 ms CreateObjectMapping: 0.175100 ms MarkObjects: 3.088800 ms  DeleteObjects: 0.143500 ms)

AssetImportParameters requested are different than current active one (requested -> active):
  custom:video-decoder-ogg-theora: a1e56fd34408186e4bbccfd4996cb3dc -> 
  custom:container-muxer-webm: aa71ff27fc2769a1b78a27578f13a17b -> 
  custom:container-demuxer-webm: 4f35f7cbe854078d1ac9338744f61a02 -> 
  custom:video-encoder-webm-vp8: eb34c28f22e8b96e1ab97ce403110664 -> 
  custom:video-codec-MediaFoundation-h265: 746d11721c4dcdbdad8f713fa42b33f4 -> 
  custom:CustomObjectIndexerAttribute: bc11b3a6c3213fcdd17b65e7da85e133 -> 
  custom:audio-encoder-webm-vorbis: bf7c407c2cedff20999df2af8eb42d56 -> 
  custom:framework-win-MediaFoundation: 216162199b28c13a410421893ffa2e32 -> 
  custom:SearchIndexIgnoredProperties: e643bd26f0fe6173181afceb89e7c659 -> 
  custom:container-demuxer-ogg: 62fdf1f143b41e24485cea50d1cbac27 -> 
  custom:video-decoder-webm-vp8: 9c59270c3fd7afecdb556c50c9e8de78 -> 
  custom:audio-decoder-ogg-vorbis: bf7c407c2cedff20999df2af8eb42d56 -> 
========================================================================
Received Import Request.
  Time since last request: 15113.980152 seconds.
  path: Assets/PyroParticles/Prefab/Prefab/RingOfFire.prefab
  artifactKey: Guid(062893e7007e39441aea009115b6cefa) Importer(815301076,1909f56bfc062723c751e8b465ee728b)
Number of updated assets reloaded before import = 0
Start importing Assets/PyroParticles/Prefab/Prefab/RingOfFire.prefab using Guid(062893e7007e39441aea009115b6cefa) Importer(815301076,1909f56bfc062723c751e8b465ee728b)  -> (artifact id: 'd74f370ae4154d937c43e0f59f5d088b') in 0.166638 seconds 
Number of asset objects unloaded after import = 37
========================================================================
Received Import Request.
  Time since last request: 0.000020 seconds.
  path: Assets/PyroParticles/Prefab/Prefab/WallOfFire.prefab
  artifactKey: Guid(8c51d7df2d29ba8449f85eb74c672555) Importer(815301076,1909f56bfc062723c751e8b465ee728b)
Number of updated assets reloaded before import = 0
Start importing Assets/PyroParticles/Prefab/Prefab/WallOfFire.prefab using Guid(8c51d7df2d29ba8449f85eb74c672555) Importer(815301076,1909f56bfc062723c751e8b465ee728b)  -> (artifact id: '39e662e0e5c4e3681d436d227b579530') in 0.021941 seconds 
Number of asset objects unloaded after import = 37
========================================================================
Received Import Request.
  Time since last request: 20.620954 seconds.
  path: Assets/Scenes/idle02.fbx
  artifactKey: Guid(a865307021e3cc44ba055e0b5f59a0f4) Importer(815301076,1909f56bfc062723c751e8b465ee728b)
Number of updated assets reloaded before import = 0
Start importing Assets/Scenes/idle02.fbx using Guid(a865307021e3cc44ba055e0b5f59a0f4) Importer(815301076,1909f56bfc062723c751e8b465ee728b)  -> (artifact id: 'a64468305b12ec8fb786189c54d2d97d') in 0.084334 seconds 
Number of asset objects unloaded after import = 177
========================================================================
Received Import Request.
  Time since last request: 166.202779 seconds.
  path: Assets/PyroParticles/Prefab/Audio/LargeFire2.ogg
  artifactKey: Guid(7143268172057c144bb596799d50ab38) Importer(815301076,1909f56bfc062723c751e8b465ee728b)
Number of updated assets reloaded before import = 0
Start importing Assets/PyroParticles/Prefab/Audio/LargeFire2.ogg using Guid(7143268172057c144bb596799d50ab38) Importer(815301076,1909f56bfc062723c751e8b465ee728b)  -> (artifact id: 'ee01829a58d966a8cc2808c4330111ca') in 0.072881 seconds 
Number of asset objects unloaded after import = 2
========================================================================
Received Import Request.
  Time since last request: 3.140513 seconds.
  path: Assets/PyroParticles/Prefab/Textures/FireParticleCloudWhite.png
  artifactKey: Guid(5b303ff28ad9368468a2edd759cf458d) Importer(815301076,1909f56bfc062723c751e8b465ee728b)
Number of updated assets reloaded before import = 0
Start importing Assets/PyroParticles/Prefab/Textures/FireParticleCloudWhite.png using Guid(5b303ff28ad9368468a2edd759cf458d) Importer(815301076,1909f56bfc062723c751e8b465ee728b)  -> (artifact id: 'f47391ab08b34c504dd314a7c20be2ae') in 0.068952 seconds 
Number of asset objects unloaded after import = 2
========================================================================
Received Import Request.
  Time since last request: 0.000023 seconds.
  path: Assets/PyroParticles/Prefab/Textures/FireParticleFlameLickSheetTexture.png
  artifactKey: Guid(3587b30505d00a44c87d9c3b9d8bc35c) Importer(815301076,1909f56bfc062723c751e8b465ee728b)
Number of updated assets reloaded before import = 0
Start importing Assets/PyroParticles/Prefab/Textures/FireParticleFlameLickSheetTexture.png using Guid(3587b30505d00a44c87d9c3b9d8bc35c) Importer(815301076,1909f56bfc062723c751e8b465ee728b)  -> (artifact id: 'a70e4f48f94c33d2ecae0021d56e7689') in 0.036657 seconds 
Number of asset objects unloaded after import = 2
========================================================================
Received Import Request.
  Time since last request: 0.000038 seconds.
  path: Assets/PyroParticles/Prefab/Textures/FireParticleFlameSheetTexture.png
  artifactKey: Guid(4e505ad81f5b19c4cb6f445d36463955) Importer(815301076,1909f56bfc062723c751e8b465ee728b)
Number of updated assets reloaded before import = 0
Start importing Assets/PyroParticles/Prefab/Textures/FireParticleFlameSheetTexture.png using Guid(4e505ad81f5b19c4cb6f445d36463955) Importer(815301076,1909f56bfc062723c751e8b465ee728b)  -> (artifact id: '63ba40fa9912e30562c3d78152a5610a') in 0.023221 seconds 
Number of asset objects unloaded after import = 2
========================================================================
Received Import Request.
  Time since last request: 0.000017 seconds.
  path: Assets/PyroParticles/Prefab/Textures/FireParticleMeteorSquare3Texture.jpg
  artifactKey: Guid(df67249c6b5af0e458bba9ec5774c765) Importer(815301076,1909f56bfc062723c751e8b465ee728b)
Number of updated assets reloaded before import = 0
Start importing Assets/PyroParticles/Prefab/Textures/FireParticleMeteorSquare3Texture.jpg using Guid(df67249c6b5af0e458bba9ec5774c765) Importer(815301076,1909f56bfc062723c751e8b465ee728b)  -> (artifact id: '8cfb179f295e2b107022d84cd2859410') in 0.027104 seconds 
Number of asset objects unloaded after import = 2
========================================================================
Received Import Request.
  Time since last request: 0.000018 seconds.
  path: Assets/PyroParticles/Prefab/Textures/FireParticleMeteorSquare2TextureMap.jpg
  artifactKey: Guid(18be13f7940e89b48a752726d91f5ab1) Importer(815301076,1909f56bfc062723c751e8b465ee728b)
Number of updated assets reloaded before import = 0
Start importing Assets/PyroParticles/Prefab/Textures/FireParticleMeteorSquare2TextureMap.jpg using Guid(18be13f7940e89b48a752726d91f5ab1) Importer(815301076,1909f56bfc062723c751e8b465ee728b)  -> (artifact id: '23f1a5864c1771208def2e1424c94b52') in 0.043227 seconds 
Number of asset objects unloaded after import = 2
========================================================================
Received Import Request.
  Time since last request: 0.000039 seconds.
  path: Assets/PyroParticles/Prefab/Textures/FireParticleMeteorSquare2Texture.jpg
  artifactKey: Guid(3e17cde94663e0b47bfd7c35b9ed7eb9) Importer(815301076,1909f56bfc062723c751e8b465ee728b)
Number of updated assets reloaded before import = 0
Start importing Assets/PyroParticles/Prefab/Textures/FireParticleMeteorSquare2Texture.jpg using Guid(3e17cde94663e0b47bfd7c35b9ed7eb9) Importer(815301076,1909f56bfc062723c751e8b465ee728b)  -> (artifact id: 'a9e7e6cc02cbb84b38a16f7b874e999a') in 0.021768 seconds 
Number of asset objects unloaded after import = 2
========================================================================
Received Import Request.
  Time since last request: 0.000039 seconds.
  path: Assets/PyroParticles/Prefab/Textures/FireParticleMeteorSquare3TextureMap.jpg
  artifactKey: Guid(af783ca33be7c4b41a28d909b798cfe4) Importer(815301076,1909f56bfc062723c751e8b465ee728b)
Number of updated assets reloaded before import = 0
Start importing Assets/PyroParticles/Prefab/Textures/FireParticleMeteorSquare3TextureMap.jpg using Guid(af783ca33be7c4b41a28d909b798cfe4) Importer(815301076,1909f56bfc062723c751e8b465ee728b)  -> (artifact id: '61290a413786f34d1136af999c3ffd86') in 0.021402 seconds 
Number of asset objects unloaded after import = 2
========================================================================
Received Import Request.
  Time since last request: 0.000018 seconds.
  path: Assets/PyroParticles/Prefab/Textures/FireParticleMeteor2Texture.png
  artifactKey: Guid(5d48ba782166f6a4591cc04a497c92a5) Importer(815301076,1909f56bfc062723c751e8b465ee728b)
Number of updated assets reloaded before import = 0
Start importing Assets/PyroParticles/Prefab/Textures/FireParticleMeteor2Texture.png using Guid(5d48ba782166f6a4591cc04a497c92a5) Importer(815301076,1909f56bfc062723c751e8b465ee728b)  -> (artifact id: '163517f0977cddd9bc8c5384cf485d2d') in 0.027286 seconds 
Number of asset objects unloaded after import = 2
========================================================================
Received Import Request.
  Time since last request: 0.000025 seconds.
  path: Assets/PyroParticles/Prefab/Textures/FireParticleMeteor3Texture.png
  artifactKey: Guid(7da0e8e6b90449b4f934a3ec6e0609c0) Importer(815301076,1909f56bfc062723c751e8b465ee728b)
Number of updated assets reloaded before import = 0
Start importing Assets/PyroParticles/Prefab/Textures/FireParticleMeteor3Texture.png using Guid(7da0e8e6b90449b4f934a3ec6e0609c0) Importer(815301076,1909f56bfc062723c751e8b465ee728b)  -> (artifact id: '835095a030c06a4fd1b8b690a32f39a4') in 0.035177 seconds 
Number of asset objects unloaded after import = 2
========================================================================
Received Import Request.
  Time since last request: 0.000021 seconds.
  path: Assets/PyroParticles/Prefab/Textures/FireParticleMeteorSquare4TextureMap.jpg
  artifactKey: Guid(71a140d2ef8bfbf4184bc56b8e2b66d0) Importer(815301076,1909f56bfc062723c751e8b465ee728b)
Number of updated assets reloaded before import = 0
Start importing Assets/PyroParticles/Prefab/Textures/FireParticleMeteorSquare4TextureMap.jpg using Guid(71a140d2ef8bfbf4184bc56b8e2b66d0) Importer(815301076,1909f56bfc062723c751e8b465ee728b)  -> (artifact id: 'e1c0e60bc8d5f8e9bd425705676fd98d') in 0.023029 seconds 
Number of asset objects unloaded after import = 2
========================================================================
Received Import Request.
  Time since last request: 0.000028 seconds.
  path: Assets/PyroParticles/Prefab/Textures/FireParticleTorchSheetTexture.png
  artifactKey: Guid(b8806de4c8fb70c448a30fe7b61175b3) Importer(815301076,1909f56bfc062723c751e8b465ee728b)
Number of updated assets reloaded before import = 0
Start importing Assets/PyroParticles/Prefab/Textures/FireParticleTorchSheetTexture.png using Guid(b8806de4c8fb70c448a30fe7b61175b3) Importer(815301076,1909f56bfc062723c751e8b465ee728b)  -> (artifact id: '51099e4bebeeb1ec4836a658644f2fdb') in 0.025661 seconds 
Number of asset objects unloaded after import = 2
Editor requested this worker to shutdown with reason: Scaling down because of idle timeout
AssetImportWorker is now disconnected from the server
Process exiting
Exiting without the bug reporter. Application will terminate with return code 0